{"/home/ubbiniyazov/Projects/itpu-ts/final-project/src/lib/AuthGuard.ts": {"path":"/home/ubbiniyazov/Projects/itpu-ts/final-project/src/lib/AuthGuard.ts","statementMap":{"0":{"start":{"line":1,"column":0},"end":{"line":1,"column":47}},"1":{"start":{"line":11,"column":28},"end":{"line":11,"column":63}},"2":{"start":{"line":13,"column":4},"end":{"line":15,"column":5}},"3":{"start":{"line":14,"column":6},"end":{"line":14,"column":51}},"4":{"start":{"line":22,"column":28},"end":{"line":22,"column":63}},"5":{"start":{"line":24,"column":4},"end":{"line":26,"column":5}},"6":{"start":{"line":25,"column":6},"end":{"line":25,"column":33}},"7":{"start":{"line":33,"column":17},"end":{"line":33,"column":51}},"8":{"start":{"line":35,"column":4},"end":{"line":38,"column":5}},"9":{"start":{"line":36,"column":6},"end":{"line":36,"column":51}},"10":{"start":{"line":37,"column":6},"end":{"line":37,"column":18}},"11":{"start":{"line":40,"column":4},"end":{"line":40,"column":16}},"12":{"start":{"line":6,"column":0},"end":{"line":6,"column":13}}},"fnMap":{"0":{"name":"(anonymous_0)","decl":{"start":{"line":10,"column":2},"end":{"line":10,"column":8}},"loc":{"start":{"line":10,"column":27},"end":{"line":16,"column":3}}},"1":{"name":"(anonymous_1)","decl":{"start":{"line":21,"column":2},"end":{"line":21,"column":8}},"loc":{"start":{"line":21,"column":41},"end":{"line":27,"column":3}}},"2":{"name":"(anonymous_2)","decl":{"start":{"line":32,"column":2},"end":{"line":32,"column":8}},"loc":{"start":{"line":32,"column":39},"end":{"line":41,"column":3}}}},"branchMap":{"0":{"loc":{"start":{"line":13,"column":4},"end":{"line":15,"column":5}},"type":"if","locations":[{"start":{"line":13,"column":4},"end":{"line":15,"column":5}},{"start":{},"end":{}}]},"1":{"loc":{"start":{"line":24,"column":4},"end":{"line":26,"column":5}},"type":"if","locations":[{"start":{"line":24,"column":4},"end":{"line":26,"column":5}},{"start":{},"end":{}}]},"2":{"loc":{"start":{"line":35,"column":4},"end":{"line":38,"column":5}},"type":"if","locations":[{"start":{"line":35,"column":4},"end":{"line":38,"column":5}},{"start":{},"end":{}}]}},"s":{"0":1,"1":3,"2":3,"3":1,"4":3,"5":3,"6":1,"7":4,"8":4,"9":2,"10":2,"11":2,"12":1},"f":{"0":3,"1":3,"2":4},"b":{"0":[1,2],"1":[1,2],"2":[2,2]}}
,"/home/ubbiniyazov/Projects/itpu-ts/final-project/src/lib/AuthService.ts": {"path":"/home/ubbiniyazov/Projects/itpu-ts/final-project/src/lib/AuthService.ts","statementMap":{"0":{"start":{"line":1,"column":0},"end":{"line":1,"column":53}},"1":{"start":{"line":2,"column":0},"end":{"line":2,"column":33}},"2":{"start":{"line":18,"column":4},"end":{"line":23,"column":5}},"3":{"start":{"line":19,"column":6},"end":{"line":22,"column":8}},"4":{"start":{"line":25,"column":4},"end":{"line":30,"column":5}},"5":{"start":{"line":26,"column":6},"end":{"line":29,"column":8}},"6":{"start":{"line":33,"column":17},"end":{"line":33,"column":52}},"7":{"start":{"line":35,"column":4},"end":{"line":40,"column":5}},"8":{"start":{"line":36,"column":6},"end":{"line":39,"column":8}},"9":{"start":{"line":43,"column":25},"end":{"line":43,"column":74}},"10":{"start":{"line":44,"column":4},"end":{"line":49,"column":5}},"11":{"start":{"line":45,"column":6},"end":{"line":48,"column":8}},"12":{"start":{"line":52,"column":18},"end":{"line":52,"column":52}},"13":{"start":{"line":54,"column":4},"end":{"line":61,"column":5}},"14":{"start":{"line":56,"column":6},"end":{"line":56,"column":52}},"15":{"start":{"line":57,"column":6},"end":{"line":60,"column":8}},"16":{"start":{"line":63,"column":4},"end":{"line":66,"column":6}},"17":{"start":{"line":76,"column":4},"end":{"line":81,"column":5}},"18":{"start":{"line":77,"column":6},"end":{"line":80,"column":8}},"19":{"start":{"line":84,"column":17},"end":{"line":84,"column":66}},"20":{"start":{"line":86,"column":4},"end":{"line":91,"column":5}},"21":{"start":{"line":87,"column":6},"end":{"line":90,"column":8}},"22":{"start":{"line":94,"column":4},"end":{"line":94,"column":50}},"23":{"start":{"line":96,"column":4},"end":{"line":99,"column":6}},"24":{"start":{"line":106,"column":4},"end":{"line":106,"column":44}},"25":{"start":{"line":113,"column":4},"end":{"line":113,"column":50}},"26":{"start":{"line":120,"column":4},"end":{"line":120,"column":49}},"27":{"start":{"line":8,"column":0},"end":{"line":8,"column":13}}},"fnMap":{"0":{"name":"(anonymous_0)","decl":{"start":{"line":12,"column":2},"end":{"line":12,"column":8}},"loc":{"start":{"line":15,"column":20},"end":{"line":67,"column":3}}},"1":{"name":"(anonymous_1)","decl":{"start":{"line":72,"column":2},"end":{"line":72,"column":8}},"loc":{"start":{"line":74,"column":20},"end":{"line":100,"column":3}}},"2":{"name":"(anonymous_2)","decl":{"start":{"line":105,"column":2},"end":{"line":105,"column":8}},"loc":{"start":{"line":105,"column":21},"end":{"line":107,"column":3}}},"3":{"name":"(anonymous_3)","decl":{"start":{"line":112,"column":2},"end":{"line":112,"column":8}},"loc":{"start":{"line":112,"column":30},"end":{"line":114,"column":3}}},"4":{"name":"(anonymous_4)","decl":{"start":{"line":119,"column":2},"end":{"line":119,"column":8}},"loc":{"start":{"line":119,"column":29},"end":{"line":121,"column":3}}}},"branchMap":{"0":{"loc":{"start":{"line":18,"column":4},"end":{"line":23,"column":5}},"type":"if","locations":[{"start":{"line":18,"column":4},"end":{"line":23,"column":5}},{"start":{},"end":{}}]},"1":{"loc":{"start":{"line":25,"column":4},"end":{"line":30,"column":5}},"type":"if","locations":[{"start":{"line":25,"column":4},"end":{"line":30,"column":5}},{"start":{},"end":{}}]},"2":{"loc":{"start":{"line":35,"column":4},"end":{"line":40,"column":5}},"type":"if","locations":[{"start":{"line":35,"column":4},"end":{"line":40,"column":5}},{"start":{},"end":{}}]},"3":{"loc":{"start":{"line":44,"column":4},"end":{"line":49,"column":5}},"type":"if","locations":[{"start":{"line":44,"column":4},"end":{"line":49,"column":5}},{"start":{},"end":{}}]},"4":{"loc":{"start":{"line":54,"column":4},"end":{"line":61,"column":5}},"type":"if","locations":[{"start":{"line":54,"column":4},"end":{"line":61,"column":5}},{"start":{},"end":{}}]},"5":{"loc":{"start":{"line":76,"column":4},"end":{"line":81,"column":5}},"type":"if","locations":[{"start":{"line":76,"column":4},"end":{"line":81,"column":5}},{"start":{},"end":{}}]},"6":{"loc":{"start":{"line":76,"column":8},"end":{"line":76,"column":37}},"type":"binary-expr","locations":[{"start":{"line":76,"column":8},"end":{"line":76,"column":24}},{"start":{"line":76,"column":28},"end":{"line":76,"column":37}}]},"7":{"loc":{"start":{"line":86,"column":4},"end":{"line":91,"column":5}},"type":"if","locations":[{"start":{"line":86,"column":4},"end":{"line":91,"column":5}},{"start":{},"end":{}}]},"8":{"loc":{"start":{"line":86,"column":8},"end":{"line":86,"column":43}},"type":"binary-expr","locations":[{"start":{"line":86,"column":8},"end":{"line":86,"column":13}},{"start":{"line":86,"column":17},"end":{"line":86,"column":43}}]}},"s":{"0":2,"1":2,"2":8,"3":3,"4":5,"5":1,"6":4,"7":4,"8":1,"9":3,"10":3,"11":1,"12":2,"13":2,"14":1,"15":1,"16":1,"17":6,"18":3,"19":3,"20":3,"21":2,"22":1,"23":1,"24":1,"25":2,"26":2,"27":2},"f":{"0":8,"1":6,"2":1,"3":2,"4":2},"b":{"0":[3,5],"1":[1,4],"2":[1,3],"3":[1,2],"4":[1,1],"5":[3,3],"6":[6,4],"7":[2,1],"8":[3,2]}}
,"/home/ubbiniyazov/Projects/itpu-ts/final-project/src/lib/ChatRoom.ts": {"path":"/home/ubbiniyazov/Projects/itpu-ts/final-project/src/lib/ChatRoom.ts","statementMap":{"0":{"start":{"line":17,"column":4},"end":{"line":17,"column":17}},"1":{"start":{"line":18,"column":4},"end":{"line":18,"column":21}},"2":{"start":{"line":19,"column":4},"end":{"line":19,"column":37}},"3":{"start":{"line":26,"column":4},"end":{"line":28,"column":5}},"4":{"start":{"line":27,"column":6},"end":{"line":27,"column":39}},"5":{"start":{"line":35,"column":4},"end":{"line":35,"column":72}},"6":{"start":{"line":35,"column":56},"end":{"line":35,"column":70}},"7":{"start":{"line":42,"column":4},"end":{"line":42,"column":36}},"8":{"start":{"line":49,"column":4},"end":{"line":53,"column":6}},"9":{"start":{"line":60,"column":4},"end":{"line":60,"column":69}},"10":{"start":{"line":11,"column":0},"end":{"line":11,"column":13}}},"fnMap":{"0":{"name":"(anonymous_0)","decl":{"start":{"line":16,"column":2},"end":{"line":16,"column":14}},"loc":{"start":{"line":16,"column":67},"end":{"line":20,"column":3}}},"1":{"name":"(anonymous_1)","decl":{"start":{"line":25,"column":2},"end":{"line":25,"column":16}},"loc":{"start":{"line":25,"column":33},"end":{"line":29,"column":3}}},"2":{"name":"(anonymous_2)","decl":{"start":{"line":34,"column":2},"end":{"line":34,"column":19}},"loc":{"start":{"line":34,"column":36},"end":{"line":36,"column":3}}},"3":{"name":"(anonymous_3)","decl":{"start":{"line":35,"column":49},"end":{"line":35,"column":50}},"loc":{"start":{"line":35,"column":56},"end":{"line":35,"column":70}}},"4":{"name":"(anonymous_4)","decl":{"start":{"line":41,"column":2},"end":{"line":41,"column":21}},"loc":{"start":{"line":41,"column":21},"end":{"line":43,"column":3}}},"5":{"name":"(anonymous_5)","decl":{"start":{"line":48,"column":2},"end":{"line":48,"column":8}},"loc":{"start":{"line":48,"column":8},"end":{"line":54,"column":3}}},"6":{"name":"(anonymous_6)","decl":{"start":{"line":59,"column":2},"end":{"line":59,"column":8}},"loc":{"start":{"line":59,"column":36},"end":{"line":61,"column":3}}}},"branchMap":{"0":{"loc":{"start":{"line":16,"column":40},"end":{"line":16,"column":67}},"type":"default-arg","locations":[{"start":{"line":16,"column":65},"end":{"line":16,"column":67}}]},"1":{"loc":{"start":{"line":26,"column":4},"end":{"line":28,"column":5}},"type":"if","locations":[{"start":{"line":26,"column":4},"end":{"line":28,"column":5}},{"start":{},"end":{}}]},"2":{"loc":{"start":{"line":60,"column":44},"end":{"line":60,"column":67}},"type":"binary-expr","locations":[{"start":{"line":60,"column":44},"end":{"line":60,"column":61}},{"start":{"line":60,"column":65},"end":{"line":60,"column":67}}]}},"s":{"0":54,"1":54,"2":54,"3":9,"4":7,"5":7,"6":11,"7":5,"8":30,"9":19,"10":2},"f":{"0":54,"1":9,"2":7,"3":11,"4":5,"5":30,"6":19},"b":{"0":[14],"1":[7,2],"2":[19,1]}}
,"/home/ubbiniyazov/Projects/itpu-ts/final-project/src/lib/ChatRoomService.ts": {"path":"/home/ubbiniyazov/Projects/itpu-ts/final-project/src/lib/ChatRoomService.ts","statementMap":{"0":{"start":{"line":1,"column":0},"end":{"line":1,"column":55}},"1":{"start":{"line":7,"column":19},"end":{"line":7,"column":46}},"2":{"start":{"line":8,"column":19},"end":{"line":8,"column":47}},"3":{"start":{"line":9,"column":19},"end":{"line":9,"column":49}},"4":{"start":{"line":15,"column":4},"end":{"line":23,"column":7}},"5":{"start":{"line":16,"column":6},"end":{"line":22,"column":12}},"6":{"start":{"line":17,"column":22},"end":{"line":17,"column":44}},"7":{"start":{"line":18,"column":8},"end":{"line":20,"column":9}},"8":{"start":{"line":19,"column":10},"end":{"line":19,"column":35}},"9":{"start":{"line":21,"column":8},"end":{"line":21,"column":18}},"10":{"start":{"line":30,"column":4},"end":{"line":34,"column":7}},"11":{"start":{"line":31,"column":6},"end":{"line":33,"column":12}},"12":{"start":{"line":32,"column":8},"end":{"line":32,"column":40}},"13":{"start":{"line":41,"column":4},"end":{"line":53,"column":5}},"14":{"start":{"line":42,"column":19},"end":{"line":42,"column":57}},"15":{"start":{"line":43,"column":6},"end":{"line":45,"column":7}},"16":{"start":{"line":44,"column":8},"end":{"line":44,"column":18}},"17":{"start":{"line":46,"column":20},"end":{"line":46,"column":36}},"18":{"start":{"line":47,"column":6},"end":{"line":49,"column":8}},"19":{"start":{"line":48,"column":8},"end":{"line":48,"column":58}},"20":{"start":{"line":51,"column":6},"end":{"line":51,"column":67}},"21":{"start":{"line":52,"column":6},"end":{"line":52,"column":16}},"22":{"start":{"line":60,"column":4},"end":{"line":66,"column":7}},"23":{"start":{"line":61,"column":6},"end":{"line":65,"column":12}},"24":{"start":{"line":62,"column":22},"end":{"line":62,"column":44}},"25":{"start":{"line":63,"column":21},"end":{"line":63,"column":63}},"26":{"start":{"line":63,"column":39},"end":{"line":63,"column":54}},"27":{"start":{"line":64,"column":8},"end":{"line":64,"column":22}},"28":{"start":{"line":73,"column":4},"end":{"line":96,"column":7}},"29":{"start":{"line":74,"column":6},"end":{"line":95,"column":12}},"30":{"start":{"line":75,"column":8},"end":{"line":94,"column":9}},"31":{"start":{"line":76,"column":24},"end":{"line":76,"column":46}},"32":{"start":{"line":79,"column":10},"end":{"line":82,"column":11}},"33":{"start":{"line":79,"column":32},"end":{"line":79,"column":75}},"34":{"start":{"line":80,"column":12},"end":{"line":80,"column":63}},"35":{"start":{"line":81,"column":12},"end":{"line":81,"column":19}},"36":{"start":{"line":84,"column":26},"end":{"line":84,"column":76}},"37":{"start":{"line":86,"column":10},"end":{"line":86,"column":30}},"38":{"start":{"line":87,"column":10},"end":{"line":90,"column":12}},"39":{"start":{"line":89,"column":44},"end":{"line":89,"column":54}},"40":{"start":{"line":91,"column":10},"end":{"line":91,"column":27}},"41":{"start":{"line":93,"column":10},"end":{"line":93,"column":24}},"42":{"start":{"line":103,"column":4},"end":{"line":124,"column":7}},"43":{"start":{"line":104,"column":6},"end":{"line":123,"column":12}},"44":{"start":{"line":105,"column":8},"end":{"line":122,"column":9}},"45":{"start":{"line":106,"column":24},"end":{"line":106,"column":46}},"46":{"start":{"line":107,"column":23},"end":{"line":107,"column":57}},"47":{"start":{"line":107,"column":41},"end":{"line":107,"column":56}},"48":{"start":{"line":109,"column":10},"end":{"line":112,"column":11}},"49":{"start":{"line":110,"column":12},"end":{"line":110,"column":68}},"50":{"start":{"line":111,"column":12},"end":{"line":111,"column":19}},"51":{"start":{"line":114,"column":10},"end":{"line":114,"column":40}},"52":{"start":{"line":115,"column":10},"end":{"line":118,"column":12}},"53":{"start":{"line":117,"column":44},"end":{"line":117,"column":54}},"54":{"start":{"line":119,"column":10},"end":{"line":119,"column":24}},"55":{"start":{"line":121,"column":10},"end":{"line":121,"column":24}},"56":{"start":{"line":131,"column":4},"end":{"line":152,"column":7}},"57":{"start":{"line":132,"column":6},"end":{"line":151,"column":12}},"58":{"start":{"line":133,"column":8},"end":{"line":150,"column":9}},"59":{"start":{"line":134,"column":24},"end":{"line":134,"column":46}},"60":{"start":{"line":135,"column":23},"end":{"line":135,"column":57}},"61":{"start":{"line":135,"column":41},"end":{"line":135,"column":56}},"62":{"start":{"line":137,"column":10},"end":{"line":140,"column":11}},"63":{"start":{"line":138,"column":12},"end":{"line":138,"column":68}},"64":{"start":{"line":139,"column":12},"end":{"line":139,"column":19}},"65":{"start":{"line":142,"column":10},"end":{"line":142,"column":43}},"66":{"start":{"line":143,"column":10},"end":{"line":146,"column":12}},"67":{"start":{"line":145,"column":44},"end":{"line":145,"column":54}},"68":{"start":{"line":147,"column":10},"end":{"line":147,"column":24}},"69":{"start":{"line":149,"column":10},"end":{"line":149,"column":24}},"70":{"start":{"line":159,"column":4},"end":{"line":159,"column":50}},"71":{"start":{"line":166,"column":4},"end":{"line":179,"column":5}},"72":{"start":{"line":167,"column":26},"end":{"line":170,"column":null}},"73":{"start":{"line":172,"column":20},"end":{"line":172,"column":33}},"74":{"start":{"line":173,"column":6},"end":{"line":176,"column":8}},"75":{"start":{"line":175,"column":40},"end":{"line":175,"column":50}},"76":{"start":{"line":178,"column":6},"end":{"line":178,"column":59}},"77":{"start":{"line":186,"column":4},"end":{"line":186,"column":74}},"78":{"start":{"line":6,"column":0},"end":{"line":6,"column":13}}},"fnMap":{"0":{"name":"(anonymous_0)","decl":{"start":{"line":6,"column":0},"end":{"line":6,"column":13}},"loc":{"start":{"line":6,"column":0},"end":{"line":188,"column":1}}},"1":{"name":"(anonymous_1)","decl":{"start":{"line":14,"column":2},"end":{"line":14,"column":7}},"loc":{"start":{"line":14,"column":18},"end":{"line":24,"column":3}}},"2":{"name":"(anonymous_2)","decl":{"start":{"line":15,"column":23},"end":{"line":15,"column":24}},"loc":{"start":{"line":15,"column":35},"end":{"line":23,"column":5}}},"3":{"name":"(anonymous_3)","decl":{"start":{"line":16,"column":17},"end":{"line":16,"column":20}},"loc":{"start":{"line":16,"column":22},"end":{"line":22,"column":7}}},"4":{"name":"(anonymous_4)","decl":{"start":{"line":29,"column":2},"end":{"line":29,"column":7}},"loc":{"start":{"line":29,"column":19},"end":{"line":35,"column":3}}},"5":{"name":"(anonymous_5)","decl":{"start":{"line":30,"column":23},"end":{"line":30,"column":24}},"loc":{"start":{"line":30,"column":35},"end":{"line":34,"column":5}}},"6":{"name":"(anonymous_6)","decl":{"start":{"line":31,"column":17},"end":{"line":31,"column":20}},"loc":{"start":{"line":31,"column":22},"end":{"line":33,"column":7}}},"7":{"name":"(anonymous_7)","decl":{"start":{"line":40,"column":10},"end":{"line":40,"column":25}},"loc":{"start":{"line":40,"column":25},"end":{"line":54,"column":3}}},"8":{"name":"(anonymous_8)","decl":{"start":{"line":47,"column":23},"end":{"line":47,"column":24}},"loc":{"start":{"line":48,"column":8},"end":{"line":48,"column":58}}},"9":{"name":"(anonymous_9)","decl":{"start":{"line":59,"column":2},"end":{"line":59,"column":7}},"loc":{"start":{"line":59,"column":34},"end":{"line":67,"column":3}}},"10":{"name":"(anonymous_10)","decl":{"start":{"line":60,"column":23},"end":{"line":60,"column":24}},"loc":{"start":{"line":60,"column":35},"end":{"line":66,"column":5}}},"11":{"name":"(anonymous_11)","decl":{"start":{"line":61,"column":17},"end":{"line":61,"column":20}},"loc":{"start":{"line":61,"column":22},"end":{"line":65,"column":7}}},"12":{"name":"(anonymous_12)","decl":{"start":{"line":63,"column":32},"end":{"line":63,"column":33}},"loc":{"start":{"line":63,"column":39},"end":{"line":63,"column":54}}},"13":{"name":"(anonymous_13)","decl":{"start":{"line":72,"column":2},"end":{"line":72,"column":7}},"loc":{"start":{"line":72,"column":50},"end":{"line":97,"column":3}}},"14":{"name":"(anonymous_14)","decl":{"start":{"line":73,"column":23},"end":{"line":73,"column":24}},"loc":{"start":{"line":73,"column":43},"end":{"line":96,"column":5}}},"15":{"name":"(anonymous_15)","decl":{"start":{"line":74,"column":17},"end":{"line":74,"column":20}},"loc":{"start":{"line":74,"column":22},"end":{"line":95,"column":7}}},"16":{"name":"(anonymous_16)","decl":{"start":{"line":79,"column":25},"end":{"line":79,"column":26}},"loc":{"start":{"line":79,"column":32},"end":{"line":79,"column":75}}},"17":{"name":"(anonymous_17)","decl":{"start":{"line":89,"column":37},"end":{"line":89,"column":38}},"loc":{"start":{"line":89,"column":44},"end":{"line":89,"column":54}}},"18":{"name":"(anonymous_18)","decl":{"start":{"line":102,"column":2},"end":{"line":102,"column":7}},"loc":{"start":{"line":102,"column":49},"end":{"line":125,"column":3}}},"19":{"name":"(anonymous_19)","decl":{"start":{"line":103,"column":23},"end":{"line":103,"column":24}},"loc":{"start":{"line":103,"column":43},"end":{"line":124,"column":5}}},"20":{"name":"(anonymous_20)","decl":{"start":{"line":104,"column":17},"end":{"line":104,"column":20}},"loc":{"start":{"line":104,"column":22},"end":{"line":123,"column":7}}},"21":{"name":"(anonymous_21)","decl":{"start":{"line":107,"column":34},"end":{"line":107,"column":35}},"loc":{"start":{"line":107,"column":41},"end":{"line":107,"column":56}}},"22":{"name":"(anonymous_22)","decl":{"start":{"line":117,"column":37},"end":{"line":117,"column":38}},"loc":{"start":{"line":117,"column":44},"end":{"line":117,"column":54}}},"23":{"name":"(anonymous_23)","decl":{"start":{"line":130,"column":2},"end":{"line":130,"column":7}},"loc":{"start":{"line":130,"column":50},"end":{"line":153,"column":3}}},"24":{"name":"(anonymous_24)","decl":{"start":{"line":131,"column":23},"end":{"line":131,"column":24}},"loc":{"start":{"line":131,"column":43},"end":{"line":152,"column":5}}},"25":{"name":"(anonymous_25)","decl":{"start":{"line":132,"column":17},"end":{"line":132,"column":20}},"loc":{"start":{"line":132,"column":22},"end":{"line":151,"column":7}}},"26":{"name":"(anonymous_26)","decl":{"start":{"line":135,"column":34},"end":{"line":135,"column":35}},"loc":{"start":{"line":135,"column":41},"end":{"line":135,"column":56}}},"27":{"name":"(anonymous_27)","decl":{"start":{"line":145,"column":37},"end":{"line":145,"column":38}},"loc":{"start":{"line":145,"column":44},"end":{"line":145,"column":54}}},"28":{"name":"(anonymous_28)","decl":{"start":{"line":158,"column":2},"end":{"line":158,"column":7}},"loc":{"start":{"line":158,"column":22},"end":{"line":160,"column":3}}},"29":{"name":"(anonymous_29)","decl":{"start":{"line":165,"column":10},"end":{"line":165,"column":27}},"loc":{"start":{"line":165,"column":27},"end":{"line":180,"column":3}}},"30":{"name":"(anonymous_30)","decl":{"start":{"line":175,"column":33},"end":{"line":175,"column":34}},"loc":{"start":{"line":175,"column":40},"end":{"line":175,"column":50}}},"31":{"name":"(anonymous_31)","decl":{"start":{"line":185,"column":10},"end":{"line":185,"column":20}},"loc":{"start":{"line":185,"column":20},"end":{"line":187,"column":3}}}},"branchMap":{"0":{"loc":{"start":{"line":18,"column":8},"end":{"line":20,"column":9}},"type":"if","locations":[{"start":{"line":18,"column":8},"end":{"line":20,"column":9}},{"start":{},"end":{}}]},"1":{"loc":{"start":{"line":43,"column":6},"end":{"line":45,"column":7}},"type":"if","locations":[{"start":{"line":43,"column":6},"end":{"line":45,"column":7}},{"start":{},"end":{}}]},"2":{"loc":{"start":{"line":63,"column":21},"end":{"line":63,"column":63}},"type":"binary-expr","locations":[{"start":{"line":63,"column":21},"end":{"line":63,"column":55}},{"start":{"line":63,"column":59},"end":{"line":63,"column":63}}]},"3":{"loc":{"start":{"line":79,"column":10},"end":{"line":82,"column":11}},"type":"if","locations":[{"start":{"line":79,"column":10},"end":{"line":82,"column":11}},{"start":{},"end":{}}]},"4":{"loc":{"start":{"line":109,"column":10},"end":{"line":112,"column":11}},"type":"if","locations":[{"start":{"line":109,"column":10},"end":{"line":112,"column":11}},{"start":{},"end":{}}]},"5":{"loc":{"start":{"line":137,"column":10},"end":{"line":140,"column":11}},"type":"if","locations":[{"start":{"line":137,"column":10},"end":{"line":140,"column":11}},{"start":{},"end":{}}]}},"s":{"0":1,"1":21,"2":21,"3":21,"4":2,"5":2,"6":2,"7":2,"8":1,"9":2,"10":3,"11":3,"12":3,"13":22,"14":22,"15":22,"16":2,"17":20,"18":19,"19":16,"20":1,"21":1,"22":5,"23":5,"24":5,"25":5,"26":4,"27":5,"28":6,"29":6,"30":6,"31":6,"32":6,"33":4,"34":2,"35":2,"36":4,"37":4,"38":4,"39":6,"40":4,"41":0,"42":3,"43":3,"44":3,"45":3,"46":3,"47":2,"48":3,"49":1,"50":1,"51":2,"52":2,"53":2,"54":2,"55":0,"56":3,"57":3,"58":3,"59":3,"60":3,"61":2,"62":3,"63":1,"64":1,"65":2,"66":2,"67":2,"68":2,"69":0,"70":2,"71":1,"72":1,"73":1,"74":1,"75":1,"76":0,"77":4,"78":1},"f":{"0":21,"1":2,"2":2,"3":2,"4":3,"5":3,"6":3,"7":22,"8":16,"9":5,"10":5,"11":5,"12":4,"13":6,"14":6,"15":6,"16":4,"17":6,"18":3,"19":3,"20":3,"21":2,"22":2,"23":3,"24":3,"25":3,"26":2,"27":2,"28":2,"29":1,"30":1,"31":4},"b":{"0":[1,1],"1":[2,20],"2":[5,2],"3":[2,4],"4":[1,2],"5":[1,2]}}
,"/home/ubbiniyazov/Projects/itpu-ts/final-project/src/lib/Message.ts": {"path":"/home/ubbiniyazov/Projects/itpu-ts/final-project/src/lib/Message.ts","statementMap":{"0":{"start":{"line":27,"column":4},"end":{"line":27,"column":17}},"1":{"start":{"line":28,"column":4},"end":{"line":28,"column":29}},"2":{"start":{"line":29,"column":4},"end":{"line":29,"column":45}},"3":{"start":{"line":30,"column":4},"end":{"line":30,"column":25}},"4":{"start":{"line":31,"column":4},"end":{"line":31,"column":25}},"5":{"start":{"line":38,"column":17},"end":{"line":38,"column":41}},"6":{"start":{"line":39,"column":4},"end":{"line":42,"column":7}},"7":{"start":{"line":49,"column":4},"end":{"line":55,"column":6}},"8":{"start":{"line":62,"column":4},"end":{"line":68,"column":6}},"9":{"start":{"line":13,"column":0},"end":{"line":13,"column":13}}},"fnMap":{"0":{"name":"(anonymous_0)","decl":{"start":{"line":20,"column":2},"end":{"line":20,"column":null}},"loc":{"start":{"line":25,"column":22},"end":{"line":32,"column":3}}},"1":{"name":"(anonymous_1)","decl":{"start":{"line":37,"column":2},"end":{"line":37,"column":18}},"loc":{"start":{"line":37,"column":18},"end":{"line":43,"column":3}}},"2":{"name":"(anonymous_2)","decl":{"start":{"line":48,"column":2},"end":{"line":48,"column":8}},"loc":{"start":{"line":48,"column":8},"end":{"line":56,"column":3}}},"3":{"name":"(anonymous_3)","decl":{"start":{"line":61,"column":2},"end":{"line":61,"column":8}},"loc":{"start":{"line":61,"column":35},"end":{"line":69,"column":3}}}},"branchMap":{"0":{"loc":{"start":{"line":29,"column":21},"end":{"line":29,"column":44}},"type":"binary-expr","locations":[{"start":{"line":29,"column":21},"end":{"line":29,"column":30}},{"start":{"line":29,"column":34},"end":{"line":29,"column":44}}]}},"s":{"0":35,"1":35,"2":35,"3":35,"4":35,"5":1,"6":1,"7":24,"8":14,"9":2},"f":{"0":35,"1":1,"2":24,"3":14},"b":{"0":[35,7]}}
,"/home/ubbiniyazov/Projects/itpu-ts/final-project/src/lib/MessageService.ts": {"path":"/home/ubbiniyazov/Projects/itpu-ts/final-project/src/lib/MessageService.ts","statementMap":{"0":{"start":{"line":1,"column":0},"end":{"line":1,"column":52}},"1":{"start":{"line":7,"column":19},"end":{"line":7,"column":57}},"2":{"start":{"line":17,"column":4},"end":{"line":40,"column":7}},"3":{"start":{"line":18,"column":6},"end":{"line":39,"column":12}},"4":{"start":{"line":19,"column":8},"end":{"line":38,"column":9}},"5":{"start":{"line":20,"column":10},"end":{"line":23,"column":11}},"6":{"start":{"line":21,"column":12},"end":{"line":21,"column":65}},"7":{"start":{"line":22,"column":12},"end":{"line":22,"column":19}},"8":{"start":{"line":25,"column":26},"end":{"line":29,"column":null}},"9":{"start":{"line":32,"column":27},"end":{"line":32,"column":62}},"10":{"start":{"line":33,"column":10},"end":{"line":33,"column":33}},"11":{"start":{"line":34,"column":10},"end":{"line":34,"column":57}},"12":{"start":{"line":35,"column":10},"end":{"line":35,"column":27}},"13":{"start":{"line":37,"column":10},"end":{"line":37,"column":24}},"14":{"start":{"line":47,"column":4},"end":{"line":51,"column":7}},"15":{"start":{"line":48,"column":6},"end":{"line":50,"column":12}},"16":{"start":{"line":49,"column":8},"end":{"line":49,"column":53}},"17":{"start":{"line":58,"column":4},"end":{"line":70,"column":5}},"18":{"start":{"line":59,"column":19},"end":{"line":59,"column":73}},"19":{"start":{"line":60,"column":6},"end":{"line":62,"column":7}},"20":{"start":{"line":61,"column":8},"end":{"line":61,"column":18}},"21":{"start":{"line":63,"column":23},"end":{"line":63,"column":39}},"22":{"start":{"line":64,"column":6},"end":{"line":66,"column":8}},"23":{"start":{"line":65,"column":8},"end":{"line":65,"column":55}},"24":{"start":{"line":68,"column":6},"end":{"line":68,"column":70}},"25":{"start":{"line":69,"column":6},"end":{"line":69,"column":16}},"26":{"start":{"line":77,"column":4},"end":{"line":85,"column":5}},"27":{"start":{"line":78,"column":18},"end":{"line":78,"column":50}},"28":{"start":{"line":79,"column":6},"end":{"line":82,"column":8}},"29":{"start":{"line":81,"column":43},"end":{"line":81,"column":53}},"30":{"start":{"line":84,"column":6},"end":{"line":84,"column":64}},"31":{"start":{"line":92,"column":4},"end":{"line":109,"column":7}},"32":{"start":{"line":93,"column":6},"end":{"line":108,"column":12}},"33":{"start":{"line":94,"column":8},"end":{"line":107,"column":9}},"34":{"start":{"line":95,"column":27},"end":{"line":95,"column":62}},"35":{"start":{"line":96,"column":35},"end":{"line":96,"column":77}},"36":{"start":{"line":96,"column":58},"end":{"line":96,"column":76}},"37":{"start":{"line":98,"column":10},"end":{"line":101,"column":11}},"38":{"start":{"line":99,"column":12},"end":{"line":99,"column":74}},"39":{"start":{"line":100,"column":12},"end":{"line":100,"column":19}},"40":{"start":{"line":103,"column":10},"end":{"line":103,"column":65}},"41":{"start":{"line":104,"column":10},"end":{"line":104,"column":20}},"42":{"start":{"line":106,"column":10},"end":{"line":106,"column":24}},"43":{"start":{"line":116,"column":4},"end":{"line":127,"column":7}},"44":{"start":{"line":117,"column":6},"end":{"line":126,"column":12}},"45":{"start":{"line":118,"column":8},"end":{"line":125,"column":9}},"46":{"start":{"line":119,"column":22},"end":{"line":119,"column":54}},"47":{"start":{"line":120,"column":10},"end":{"line":120,"column":39}},"48":{"start":{"line":121,"column":10},"end":{"line":121,"column":20}},"49":{"start":{"line":123,"column":10},"end":{"line":123,"column":59}},"50":{"start":{"line":124,"column":10},"end":{"line":124,"column":20}},"51":{"start":{"line":134,"column":4},"end":{"line":153,"column":7}},"52":{"start":{"line":135,"column":6},"end":{"line":152,"column":12}},"53":{"start":{"line":136,"column":20},"end":{"line":136,"column":21}},"54":{"start":{"line":137,"column":8},"end":{"line":150,"column":9}},"55":{"start":{"line":137,"column":21},"end":{"line":137,"column":22}},"56":{"start":{"line":138,"column":22},"end":{"line":138,"column":41}},"57":{"start":{"line":139,"column":10},"end":{"line":149,"column":11}},"58":{"start":{"line":140,"column":12},"end":{"line":148,"column":13}},"59":{"start":{"line":141,"column":27},"end":{"line":141,"column":52}},"60":{"start":{"line":142,"column":14},"end":{"line":145,"column":15}},"61":{"start":{"line":143,"column":33},"end":{"line":143,"column":49}},"62":{"start":{"line":144,"column":16},"end":{"line":144,"column":41}},"63":{"start":{"line":147,"column":14},"end":{"line":147,"column":63}},"64":{"start":{"line":151,"column":8},"end":{"line":151,"column":23}},"65":{"start":{"line":160,"column":4},"end":{"line":160,"column":74}},"66":{"start":{"line":6,"column":0},"end":{"line":6,"column":13}}},"fnMap":{"0":{"name":"(anonymous_0)","decl":{"start":{"line":6,"column":0},"end":{"line":6,"column":13}},"loc":{"start":{"line":6,"column":0},"end":{"line":162,"column":1}}},"1":{"name":"(anonymous_1)","decl":{"start":{"line":12,"column":2},"end":{"line":12,"column":7}},"loc":{"start":{"line":15,"column":18},"end":{"line":41,"column":3}}},"2":{"name":"(anonymous_2)","decl":{"start":{"line":17,"column":23},"end":{"line":17,"column":24}},"loc":{"start":{"line":17,"column":43},"end":{"line":40,"column":5}}},"3":{"name":"(anonymous_3)","decl":{"start":{"line":18,"column":17},"end":{"line":18,"column":20}},"loc":{"start":{"line":18,"column":22},"end":{"line":39,"column":7}}},"4":{"name":"(anonymous_4)","decl":{"start":{"line":46,"column":2},"end":{"line":46,"column":7}},"loc":{"start":{"line":46,"column":41},"end":{"line":52,"column":3}}},"5":{"name":"(anonymous_5)","decl":{"start":{"line":47,"column":23},"end":{"line":47,"column":24}},"loc":{"start":{"line":47,"column":35},"end":{"line":51,"column":5}}},"6":{"name":"(anonymous_6)","decl":{"start":{"line":48,"column":17},"end":{"line":48,"column":20}},"loc":{"start":{"line":48,"column":22},"end":{"line":50,"column":7}}},"7":{"name":"(anonymous_7)","decl":{"start":{"line":57,"column":10},"end":{"line":57,"column":32}},"loc":{"start":{"line":57,"column":47},"end":{"line":71,"column":3}}},"8":{"name":"(anonymous_8)","decl":{"start":{"line":64,"column":26},"end":{"line":64,"column":27}},"loc":{"start":{"line":65,"column":8},"end":{"line":65,"column":55}}},"9":{"name":"(anonymous_9)","decl":{"start":{"line":76,"column":10},"end":{"line":76,"column":33}},"loc":{"start":{"line":76,"column":69},"end":{"line":86,"column":3}}},"10":{"name":"(anonymous_10)","decl":{"start":{"line":81,"column":36},"end":{"line":81,"column":37}},"loc":{"start":{"line":81,"column":43},"end":{"line":81,"column":53}}},"11":{"name":"(anonymous_11)","decl":{"start":{"line":91,"column":2},"end":{"line":91,"column":7}},"loc":{"start":{"line":91,"column":55},"end":{"line":110,"column":3}}},"12":{"name":"(anonymous_12)","decl":{"start":{"line":92,"column":23},"end":{"line":92,"column":24}},"loc":{"start":{"line":92,"column":43},"end":{"line":109,"column":5}}},"13":{"name":"(anonymous_13)","decl":{"start":{"line":93,"column":17},"end":{"line":93,"column":20}},"loc":{"start":{"line":93,"column":22},"end":{"line":108,"column":7}}},"14":{"name":"(anonymous_14)","decl":{"start":{"line":96,"column":51},"end":{"line":96,"column":52}},"loc":{"start":{"line":96,"column":58},"end":{"line":96,"column":76}}},"15":{"name":"(anonymous_15)","decl":{"start":{"line":115,"column":2},"end":{"line":115,"column":7}},"loc":{"start":{"line":115,"column":43},"end":{"line":128,"column":3}}},"16":{"name":"(anonymous_16)","decl":{"start":{"line":116,"column":23},"end":{"line":116,"column":24}},"loc":{"start":{"line":116,"column":35},"end":{"line":127,"column":5}}},"17":{"name":"(anonymous_17)","decl":{"start":{"line":117,"column":17},"end":{"line":117,"column":20}},"loc":{"start":{"line":117,"column":22},"end":{"line":126,"column":7}}},"18":{"name":"(anonymous_18)","decl":{"start":{"line":133,"column":2},"end":{"line":133,"column":7}},"loc":{"start":{"line":133,"column":28},"end":{"line":154,"column":3}}},"19":{"name":"(anonymous_19)","decl":{"start":{"line":134,"column":23},"end":{"line":134,"column":24}},"loc":{"start":{"line":134,"column":35},"end":{"line":153,"column":5}}},"20":{"name":"(anonymous_20)","decl":{"start":{"line":135,"column":17},"end":{"line":135,"column":20}},"loc":{"start":{"line":135,"column":22},"end":{"line":152,"column":7}}},"21":{"name":"(anonymous_21)","decl":{"start":{"line":159,"column":10},"end":{"line":159,"column":20}},"loc":{"start":{"line":159,"column":20},"end":{"line":161,"column":3}}}},"branchMap":{"0":{"loc":{"start":{"line":20,"column":10},"end":{"line":23,"column":11}},"type":"if","locations":[{"start":{"line":20,"column":10},"end":{"line":23,"column":11}},{"start":{},"end":{}}]},"1":{"loc":{"start":{"line":60,"column":6},"end":{"line":62,"column":7}},"type":"if","locations":[{"start":{"line":60,"column":6},"end":{"line":62,"column":7}},{"start":{},"end":{}}]},"2":{"loc":{"start":{"line":98,"column":10},"end":{"line":101,"column":11}},"type":"if","locations":[{"start":{"line":98,"column":10},"end":{"line":101,"column":11}},{"start":{},"end":{}}]},"3":{"loc":{"start":{"line":139,"column":10},"end":{"line":149,"column":11}},"type":"if","locations":[{"start":{"line":139,"column":10},"end":{"line":149,"column":11}},{"start":{},"end":{}}]},"4":{"loc":{"start":{"line":139,"column":14},"end":{"line":139,"column":60}},"type":"binary-expr","locations":[{"start":{"line":139,"column":14},"end":{"line":139,"column":17}},{"start":{"line":139,"column":21},"end":{"line":139,"column":60}}]},"5":{"loc":{"start":{"line":142,"column":14},"end":{"line":145,"column":15}},"type":"if","locations":[{"start":{"line":142,"column":14},"end":{"line":145,"column":15}},{"start":{},"end":{}}]}},"s":{"0":1,"1":14,"2":7,"3":7,"4":7,"5":7,"6":2,"7":2,"8":5,"9":5,"10":5,"11":5,"12":5,"13":0,"14":4,"15":4,"16":4,"17":13,"18":13,"19":13,"20":5,"21":8,"22":7,"23":11,"24":1,"25":1,"26":7,"27":7,"28":7,"29":10,"30":0,"31":4,"32":4,"33":4,"34":4,"35":4,"36":6,"37":4,"38":2,"39":2,"40":2,"41":2,"42":0,"43":0,"44":0,"45":0,"46":0,"47":0,"48":0,"49":0,"50":0,"51":0,"52":0,"53":0,"54":0,"55":0,"56":0,"57":0,"58":0,"59":0,"60":0,"61":0,"62":0,"63":0,"64":0,"65":5,"66":1},"f":{"0":14,"1":7,"2":7,"3":7,"4":4,"5":4,"6":4,"7":13,"8":11,"9":7,"10":10,"11":4,"12":4,"13":4,"14":6,"15":0,"16":0,"17":0,"18":0,"19":0,"20":0,"21":5},"b":{"0":[2,5],"1":[5,8],"2":[2,2],"3":[0,0],"4":[0,0],"5":[0,0]}}
,"/home/ubbiniyazov/Projects/itpu-ts/final-project/src/lib/StorageService.ts": {"path":"/home/ubbiniyazov/Projects/itpu-ts/final-project/src/lib/StorageService.ts","statementMap":{"0":{"start":{"line":15,"column":4},"end":{"line":29,"column":7}},"1":{"start":{"line":16,"column":6},"end":{"line":28,"column":12}},"2":{"start":{"line":17,"column":22},"end":{"line":17,"column":41}},"3":{"start":{"line":18,"column":8},"end":{"line":26,"column":9}},"4":{"start":{"line":19,"column":37},"end":{"line":23,"column":12}},"5":{"start":{"line":24,"column":28},"end":{"line":24,"column":41}},"6":{"start":{"line":25,"column":10},"end":{"line":25,"column":74}},"7":{"start":{"line":27,"column":8},"end":{"line":27,"column":18}},"8":{"start":{"line":36,"column":17},"end":{"line":36,"column":53}},"9":{"start":{"line":37,"column":4},"end":{"line":37,"column":40}},"10":{"start":{"line":44,"column":4},"end":{"line":49,"column":7}},"11":{"start":{"line":45,"column":6},"end":{"line":48,"column":12}},"12":{"start":{"line":46,"column":22},"end":{"line":46,"column":41}},"13":{"start":{"line":47,"column":8},"end":{"line":47,"column":23}},"14":{"start":{"line":56,"column":4},"end":{"line":64,"column":7}},"15":{"start":{"line":57,"column":6},"end":{"line":63,"column":12}},"16":{"start":{"line":58,"column":22},"end":{"line":58,"column":41}},"17":{"start":{"line":59,"column":21},"end":{"line":60,"column":null}},"18":{"start":{"line":60,"column":17},"end":{"line":60,"column":68}},"19":{"start":{"line":62,"column":8},"end":{"line":62,"column":30}},"20":{"start":{"line":71,"column":4},"end":{"line":89,"column":7}},"21":{"start":{"line":72,"column":6},"end":{"line":88,"column":12}},"22":{"start":{"line":73,"column":22},"end":{"line":73,"column":41}},"23":{"start":{"line":76,"column":8},"end":{"line":83,"column":9}},"24":{"start":{"line":78,"column":19},"end":{"line":78,"column":75}},"25":{"start":{"line":81,"column":10},"end":{"line":81,"column":25}},"26":{"start":{"line":82,"column":10},"end":{"line":82,"column":17}},"27":{"start":{"line":85,"column":8},"end":{"line":85,"column":25}},"28":{"start":{"line":86,"column":8},"end":{"line":86,"column":68}},"29":{"start":{"line":87,"column":8},"end":{"line":87,"column":22}},"30":{"start":{"line":96,"column":4},"end":{"line":101,"column":7}},"31":{"start":{"line":97,"column":6},"end":{"line":100,"column":12}},"32":{"start":{"line":98,"column":8},"end":{"line":98,"column":62}},"33":{"start":{"line":99,"column":8},"end":{"line":99,"column":18}},"34":{"start":{"line":108,"column":4},"end":{"line":113,"column":7}},"35":{"start":{"line":109,"column":6},"end":{"line":112,"column":12}},"36":{"start":{"line":110,"column":21},"end":{"line":110,"column":64}},"37":{"start":{"line":111,"column":8},"end":{"line":111,"column":22}},"38":{"start":{"line":120,"column":4},"end":{"line":125,"column":7}},"39":{"start":{"line":121,"column":6},"end":{"line":124,"column":12}},"40":{"start":{"line":122,"column":8},"end":{"line":122,"column":55}},"41":{"start":{"line":123,"column":8},"end":{"line":123,"column":18}},"42":{"start":{"line":132,"column":4},"end":{"line":137,"column":7}},"43":{"start":{"line":133,"column":6},"end":{"line":136,"column":12}},"44":{"start":{"line":134,"column":21},"end":{"line":134,"column":64}},"45":{"start":{"line":135,"column":8},"end":{"line":135,"column":24}},"46":{"start":{"line":7,"column":0},"end":{"line":7,"column":13}},"47":{"start":{"line":8,"column":26},"end":{"line":8,"column":55}},"48":{"start":{"line":9,"column":26},"end":{"line":9,"column":69}}},"fnMap":{"0":{"name":"(anonymous_0)","decl":{"start":{"line":14,"column":2},"end":{"line":14,"column":8}},"loc":{"start":{"line":14,"column":30},"end":{"line":30,"column":3}}},"1":{"name":"(anonymous_1)","decl":{"start":{"line":15,"column":23},"end":{"line":15,"column":24}},"loc":{"start":{"line":15,"column":35},"end":{"line":29,"column":5}}},"2":{"name":"(anonymous_2)","decl":{"start":{"line":16,"column":17},"end":{"line":16,"column":20}},"loc":{"start":{"line":16,"column":22},"end":{"line":28,"column":7}}},"3":{"name":"(anonymous_3)","decl":{"start":{"line":35,"column":10},"end":{"line":35,"column":16}},"loc":{"start":{"line":35,"column":29},"end":{"line":38,"column":3}}},"4":{"name":"(anonymous_4)","decl":{"start":{"line":43,"column":2},"end":{"line":43,"column":8}},"loc":{"start":{"line":43,"column":20},"end":{"line":50,"column":3}}},"5":{"name":"(anonymous_5)","decl":{"start":{"line":44,"column":23},"end":{"line":44,"column":24}},"loc":{"start":{"line":44,"column":35},"end":{"line":49,"column":5}}},"6":{"name":"(anonymous_6)","decl":{"start":{"line":45,"column":17},"end":{"line":45,"column":20}},"loc":{"start":{"line":45,"column":22},"end":{"line":48,"column":7}}},"7":{"name":"(anonymous_7)","decl":{"start":{"line":55,"column":2},"end":{"line":55,"column":8}},"loc":{"start":{"line":55,"column":44},"end":{"line":65,"column":3}}},"8":{"name":"(anonymous_8)","decl":{"start":{"line":56,"column":23},"end":{"line":56,"column":24}},"loc":{"start":{"line":56,"column":35},"end":{"line":64,"column":5}}},"9":{"name":"(anonymous_9)","decl":{"start":{"line":57,"column":17},"end":{"line":57,"column":20}},"loc":{"start":{"line":57,"column":22},"end":{"line":63,"column":7}}},"10":{"name":"(anonymous_10)","decl":{"start":{"line":60,"column":10},"end":{"line":60,"column":11}},"loc":{"start":{"line":60,"column":17},"end":{"line":60,"column":68}}},"11":{"name":"(anonymous_11)","decl":{"start":{"line":70,"column":2},"end":{"line":70,"column":8}},"loc":{"start":{"line":70,"column":28},"end":{"line":90,"column":3}}},"12":{"name":"(anonymous_12)","decl":{"start":{"line":71,"column":23},"end":{"line":71,"column":24}},"loc":{"start":{"line":71,"column":35},"end":{"line":89,"column":5}}},"13":{"name":"(anonymous_13)","decl":{"start":{"line":72,"column":17},"end":{"line":72,"column":20}},"loc":{"start":{"line":72,"column":22},"end":{"line":88,"column":7}}},"14":{"name":"(anonymous_14)","decl":{"start":{"line":78,"column":12},"end":{"line":78,"column":13}},"loc":{"start":{"line":78,"column":19},"end":{"line":78,"column":75}}},"15":{"name":"(anonymous_15)","decl":{"start":{"line":95,"column":2},"end":{"line":95,"column":8}},"loc":{"start":{"line":95,"column":40},"end":{"line":102,"column":3}}},"16":{"name":"(anonymous_16)","decl":{"start":{"line":96,"column":23},"end":{"line":96,"column":24}},"loc":{"start":{"line":96,"column":35},"end":{"line":101,"column":5}}},"17":{"name":"(anonymous_17)","decl":{"start":{"line":97,"column":17},"end":{"line":97,"column":20}},"loc":{"start":{"line":97,"column":22},"end":{"line":100,"column":7}}},"18":{"name":"(anonymous_18)","decl":{"start":{"line":107,"column":2},"end":{"line":107,"column":8}},"loc":{"start":{"line":107,"column":23},"end":{"line":114,"column":3}}},"19":{"name":"(anonymous_19)","decl":{"start":{"line":108,"column":23},"end":{"line":108,"column":24}},"loc":{"start":{"line":108,"column":35},"end":{"line":113,"column":5}}},"20":{"name":"(anonymous_20)","decl":{"start":{"line":109,"column":17},"end":{"line":109,"column":20}},"loc":{"start":{"line":109,"column":22},"end":{"line":112,"column":7}}},"21":{"name":"(anonymous_21)","decl":{"start":{"line":119,"column":2},"end":{"line":119,"column":8}},"loc":{"start":{"line":119,"column":25},"end":{"line":126,"column":3}}},"22":{"name":"(anonymous_22)","decl":{"start":{"line":120,"column":23},"end":{"line":120,"column":24}},"loc":{"start":{"line":120,"column":35},"end":{"line":125,"column":5}}},"23":{"name":"(anonymous_23)","decl":{"start":{"line":121,"column":17},"end":{"line":121,"column":20}},"loc":{"start":{"line":121,"column":22},"end":{"line":124,"column":7}}},"24":{"name":"(anonymous_24)","decl":{"start":{"line":131,"column":2},"end":{"line":131,"column":8}},"loc":{"start":{"line":131,"column":24},"end":{"line":138,"column":3}}},"25":{"name":"(anonymous_25)","decl":{"start":{"line":132,"column":23},"end":{"line":132,"column":24}},"loc":{"start":{"line":132,"column":35},"end":{"line":137,"column":5}}},"26":{"name":"(anonymous_26)","decl":{"start":{"line":133,"column":17},"end":{"line":133,"column":20}},"loc":{"start":{"line":133,"column":22},"end":{"line":136,"column":7}}}},"branchMap":{"0":{"loc":{"start":{"line":18,"column":8},"end":{"line":26,"column":9}},"type":"if","locations":[{"start":{"line":18,"column":8},"end":{"line":26,"column":9}},{"start":{},"end":{}}]},"1":{"loc":{"start":{"line":37,"column":11},"end":{"line":37,"column":39}},"type":"cond-expr","locations":[{"start":{"line":37,"column":18},"end":{"line":37,"column":34}},{"start":{"line":37,"column":37},"end":{"line":37,"column":39}}]},"2":{"loc":{"start":{"line":62,"column":16},"end":{"line":62,"column":28}},"type":"binary-expr","locations":[{"start":{"line":62,"column":16},"end":{"line":62,"column":20}},{"start":{"line":62,"column":24},"end":{"line":62,"column":28}}]},"3":{"loc":{"start":{"line":76,"column":8},"end":{"line":83,"column":9}},"type":"if","locations":[{"start":{"line":76,"column":8},"end":{"line":83,"column":9}},{"start":{},"end":{}}]}},"s":{"0":2,"1":2,"2":2,"3":2,"4":1,"5":1,"6":1,"7":2,"8":11,"9":11,"10":2,"11":2,"12":2,"13":2,"14":4,"15":4,"16":4,"17":4,"18":3,"19":4,"20":3,"21":3,"22":3,"23":3,"24":2,"25":1,"26":1,"27":2,"28":2,"29":2,"30":3,"31":3,"32":3,"33":3,"34":3,"35":3,"36":3,"37":3,"38":1,"39":1,"40":1,"41":1,"42":2,"43":2,"44":2,"45":2,"46":3,"47":3,"48":3},"f":{"0":2,"1":2,"2":2,"3":11,"4":2,"5":2,"6":2,"7":4,"8":4,"9":4,"10":3,"11":3,"12":3,"13":3,"14":2,"15":3,"16":3,"17":3,"18":3,"19":3,"20":3,"21":1,"22":1,"23":1,"24":2,"25":2,"26":2},"b":{"0":[1,1],"1":[9,2],"2":[4,1],"3":[1,2]}}
,"/home/ubbiniyazov/Projects/itpu-ts/final-project/src/lib/User.ts": {"path":"/home/ubbiniyazov/Projects/itpu-ts/final-project/src/lib/User.ts","statementMap":{"0":{"start":{"line":19,"column":4},"end":{"line":19,"column":29}},"1":{"start":{"line":20,"column":4},"end":{"line":20,"column":23}},"2":{"start":{"line":21,"column":4},"end":{"line":21,"column":29}},"3":{"start":{"line":28,"column":23},"end":{"line":28,"column":51}},"4":{"start":{"line":29,"column":4},"end":{"line":29,"column":34}},"5":{"start":{"line":36,"column":4},"end":{"line":41,"column":6}},"6":{"start":{"line":13,"column":0},"end":{"line":13,"column":13}}},"fnMap":{"0":{"name":"(anonymous_0)","decl":{"start":{"line":18,"column":2},"end":{"line":18,"column":14}},"loc":{"start":{"line":18,"column":63},"end":{"line":22,"column":3}}},"1":{"name":"(anonymous_1)","decl":{"start":{"line":27,"column":2},"end":{"line":27,"column":8}},"loc":{"start":{"line":27,"column":35},"end":{"line":30,"column":3}}},"2":{"name":"(anonymous_2)","decl":{"start":{"line":35,"column":2},"end":{"line":35,"column":9}},"loc":{"start":{"line":35,"column":9},"end":{"line":42,"column":3}}}},"branchMap":{"0":{"loc":{"start":{"line":37,"column":6},"end":{"line":40,"column":35}},"type":"binary-expr","locations":[{"start":{"line":37,"column":6},"end":{"line":37,"column":37}},{"start":{"line":38,"column":6},"end":{"line":38,"column":34}},{"start":{"line":39,"column":6},"end":{"line":39,"column":30}},{"start":{"line":40,"column":6},"end":{"line":40,"column":35}}]}},"s":{"0":19,"1":19,"2":19,"3":14,"4":14,"5":12,"6":4},"f":{"0":19,"1":14,"2":12},"b":{"0":[12,9,7,6]}}
}
