TN:
SF:src/lib/AuthGuard.ts
FN:10,(anonymous_0)
FN:21,(anonymous_1)
FN:32,(anonymous_2)
FNF:3
FNH:3
FNDA:3,(anonymous_0)
FNDA:3,(anonymous_1)
FNDA:4,(anonymous_2)
DA:1,1
DA:6,1
DA:11,3
DA:13,3
DA:14,1
DA:22,3
DA:24,3
DA:25,1
DA:33,4
DA:35,4
DA:36,2
DA:37,2
DA:40,2
LF:13
LH:13
BRDA:13,0,0,1
BRDA:13,0,1,2
BRDA:24,1,0,1
BRDA:24,1,1,2
BRDA:35,2,0,2
BRDA:35,2,1,2
BRF:6
BRH:6
end_of_record
TN:
SF:src/lib/AuthService.ts
FN:12,(anonymous_0)
FN:72,(anonymous_1)
FN:105,(anonymous_2)
FN:112,(anonymous_3)
FN:119,(anonymous_4)
FNF:5
FNH:5
FNDA:8,(anonymous_0)
FNDA:6,(anonymous_1)
FNDA:1,(anonymous_2)
FNDA:2,(anonymous_3)
FNDA:2,(anonymous_4)
DA:1,2
DA:2,2
DA:8,2
DA:18,8
DA:19,3
DA:25,5
DA:26,1
DA:33,4
DA:35,4
DA:36,1
DA:43,3
DA:44,3
DA:45,1
DA:52,2
DA:54,2
DA:56,1
DA:57,1
DA:63,1
DA:76,6
DA:77,3
DA:84,3
DA:86,3
DA:87,2
DA:94,1
DA:96,1
DA:106,1
DA:113,2
DA:120,2
LF:28
LH:28
BRDA:18,0,0,3
BRDA:18,0,1,5
BRDA:25,1,0,1
BRDA:25,1,1,4
BRDA:35,2,0,1
BRDA:35,2,1,3
BRDA:44,3,0,1
BRDA:44,3,1,2
BRDA:54,4,0,1
BRDA:54,4,1,1
BRDA:76,5,0,3
BRDA:76,5,1,3
BRDA:76,6,0,6
BRDA:76,6,1,4
BRDA:86,7,0,2
BRDA:86,7,1,1
BRDA:86,8,0,3
BRDA:86,8,1,2
BRF:18
BRH:18
end_of_record
TN:
SF:src/lib/ChatRoom.ts
FN:16,(anonymous_0)
FN:25,(anonymous_1)
FN:34,(anonymous_2)
FN:35,(anonymous_3)
FN:41,(anonymous_4)
FN:48,(anonymous_5)
FN:59,(anonymous_6)
FNF:7
FNH:7
FNDA:54,(anonymous_0)
FNDA:9,(anonymous_1)
FNDA:7,(anonymous_2)
FNDA:11,(anonymous_3)
FNDA:5,(anonymous_4)
FNDA:30,(anonymous_5)
FNDA:19,(anonymous_6)
DA:11,2
DA:17,54
DA:18,54
DA:19,54
DA:26,9
DA:27,7
DA:35,11
DA:42,5
DA:49,30
DA:60,19
LF:10
LH:10
BRDA:16,0,0,14
BRDA:26,1,0,7
BRDA:26,1,1,2
BRDA:60,2,0,19
BRDA:60,2,1,1
BRF:5
BRH:5
end_of_record
TN:
SF:src/lib/ChatRoomService.ts
FN:6,(anonymous_0)
FN:14,(anonymous_1)
FN:15,(anonymous_2)
FN:16,(anonymous_3)
FN:29,(anonymous_4)
FN:30,(anonymous_5)
FN:31,(anonymous_6)
FN:40,(anonymous_7)
FN:47,(anonymous_8)
FN:59,(anonymous_9)
FN:60,(anonymous_10)
FN:61,(anonymous_11)
FN:63,(anonymous_12)
FN:72,(anonymous_13)
FN:73,(anonymous_14)
FN:74,(anonymous_15)
FN:79,(anonymous_16)
FN:89,(anonymous_17)
FN:102,(anonymous_18)
FN:103,(anonymous_19)
FN:104,(anonymous_20)
FN:107,(anonymous_21)
FN:117,(anonymous_22)
FN:130,(anonymous_23)
FN:131,(anonymous_24)
FN:132,(anonymous_25)
FN:135,(anonymous_26)
FN:145,(anonymous_27)
FN:158,(anonymous_28)
FN:165,(anonymous_29)
FN:175,(anonymous_30)
FN:185,(anonymous_31)
FNF:32
FNH:32
FNDA:21,(anonymous_0)
FNDA:2,(anonymous_1)
FNDA:2,(anonymous_2)
FNDA:2,(anonymous_3)
FNDA:3,(anonymous_4)
FNDA:3,(anonymous_5)
FNDA:3,(anonymous_6)
FNDA:22,(anonymous_7)
FNDA:16,(anonymous_8)
FNDA:5,(anonymous_9)
FNDA:5,(anonymous_10)
FNDA:5,(anonymous_11)
FNDA:4,(anonymous_12)
FNDA:6,(anonymous_13)
FNDA:6,(anonymous_14)
FNDA:6,(anonymous_15)
FNDA:4,(anonymous_16)
FNDA:6,(anonymous_17)
FNDA:3,(anonymous_18)
FNDA:3,(anonymous_19)
FNDA:3,(anonymous_20)
FNDA:2,(anonymous_21)
FNDA:2,(anonymous_22)
FNDA:3,(anonymous_23)
FNDA:3,(anonymous_24)
FNDA:3,(anonymous_25)
FNDA:2,(anonymous_26)
FNDA:2,(anonymous_27)
FNDA:2,(anonymous_28)
FNDA:1,(anonymous_29)
FNDA:1,(anonymous_30)
FNDA:4,(anonymous_31)
DA:1,1
DA:6,1
DA:7,21
DA:8,21
DA:9,21
DA:15,2
DA:16,2
DA:17,2
DA:18,2
DA:19,1
DA:21,2
DA:30,3
DA:31,3
DA:32,3
DA:41,22
DA:42,22
DA:43,22
DA:44,2
DA:46,20
DA:47,19
DA:48,16
DA:51,1
DA:52,1
DA:60,5
DA:61,5
DA:62,5
DA:63,5
DA:64,5
DA:73,6
DA:74,6
DA:75,6
DA:76,6
DA:79,6
DA:80,2
DA:81,2
DA:84,4
DA:86,4
DA:87,4
DA:89,6
DA:91,4
DA:93,0
DA:103,3
DA:104,3
DA:105,3
DA:106,3
DA:107,3
DA:109,3
DA:110,1
DA:111,1
DA:114,2
DA:115,2
DA:117,2
DA:119,2
DA:121,0
DA:131,3
DA:132,3
DA:133,3
DA:134,3
DA:135,3
DA:137,3
DA:138,1
DA:139,1
DA:142,2
DA:143,2
DA:145,2
DA:147,2
DA:149,0
DA:159,2
DA:166,1
DA:167,1
DA:172,1
DA:173,1
DA:175,1
DA:178,0
DA:186,4
LF:75
LH:71
BRDA:18,0,0,1
BRDA:18,0,1,1
BRDA:43,1,0,2
BRDA:43,1,1,20
BRDA:63,2,0,5
BRDA:63,2,1,2
BRDA:79,3,0,2
BRDA:79,3,1,4
BRDA:109,4,0,1
BRDA:109,4,1,2
BRDA:137,5,0,1
BRDA:137,5,1,2
BRF:12
BRH:12
end_of_record
TN:
SF:src/lib/Message.ts
FN:20,(anonymous_0)
FN:37,(anonymous_1)
FN:48,(anonymous_2)
FN:61,(anonymous_3)
FNF:4
FNH:4
FNDA:35,(anonymous_0)
FNDA:1,(anonymous_1)
FNDA:24,(anonymous_2)
FNDA:14,(anonymous_3)
DA:13,2
DA:27,35
DA:28,35
DA:29,35
DA:30,35
DA:31,35
DA:38,1
DA:39,1
DA:49,24
DA:62,14
LF:10
LH:10
BRDA:29,0,0,35
BRDA:29,0,1,7
BRF:2
BRH:2
end_of_record
TN:
SF:src/lib/MessageService.ts
FN:6,(anonymous_0)
FN:12,(anonymous_1)
FN:17,(anonymous_2)
FN:18,(anonymous_3)
FN:46,(anonymous_4)
FN:47,(anonymous_5)
FN:48,(anonymous_6)
FN:57,(anonymous_7)
FN:64,(anonymous_8)
FN:76,(anonymous_9)
FN:81,(anonymous_10)
FN:91,(anonymous_11)
FN:92,(anonymous_12)
FN:93,(anonymous_13)
FN:96,(anonymous_14)
FN:115,(anonymous_15)
FN:116,(anonymous_16)
FN:117,(anonymous_17)
FN:133,(anonymous_18)
FN:134,(anonymous_19)
FN:135,(anonymous_20)
FN:159,(anonymous_21)
FNF:22
FNH:16
FNDA:14,(anonymous_0)
FNDA:7,(anonymous_1)
FNDA:7,(anonymous_2)
FNDA:7,(anonymous_3)
FNDA:4,(anonymous_4)
FNDA:4,(anonymous_5)
FNDA:4,(anonymous_6)
FNDA:13,(anonymous_7)
FNDA:11,(anonymous_8)
FNDA:7,(anonymous_9)
FNDA:10,(anonymous_10)
FNDA:4,(anonymous_11)
FNDA:4,(anonymous_12)
FNDA:4,(anonymous_13)
FNDA:6,(anonymous_14)
FNDA:0,(anonymous_15)
FNDA:0,(anonymous_16)
FNDA:0,(anonymous_17)
FNDA:0,(anonymous_18)
FNDA:0,(anonymous_19)
FNDA:0,(anonymous_20)
FNDA:5,(anonymous_21)
DA:1,1
DA:6,1
DA:7,14
DA:17,7
DA:18,7
DA:19,7
DA:20,7
DA:21,2
DA:22,2
DA:25,5
DA:32,5
DA:33,5
DA:34,5
DA:35,5
DA:37,0
DA:47,4
DA:48,4
DA:49,4
DA:58,13
DA:59,13
DA:60,13
DA:61,5
DA:63,8
DA:64,7
DA:65,11
DA:68,1
DA:69,1
DA:77,7
DA:78,7
DA:79,7
DA:81,10
DA:84,0
DA:92,4
DA:93,4
DA:94,4
DA:95,4
DA:96,6
DA:98,4
DA:99,2
DA:100,2
DA:103,2
DA:104,2
DA:106,0
DA:116,0
DA:117,0
DA:118,0
DA:119,0
DA:120,0
DA:121,0
DA:123,0
DA:124,0
DA:134,0
DA:135,0
DA:136,0
DA:137,0
DA:138,0
DA:139,0
DA:140,0
DA:141,0
DA:142,0
DA:143,0
DA:144,0
DA:147,0
DA:151,0
DA:160,5
LF:65
LH:41
BRDA:20,0,0,2
BRDA:20,0,1,5
BRDA:60,1,0,5
BRDA:60,1,1,8
BRDA:98,2,0,2
BRDA:98,2,1,2
BRDA:139,3,0,0
BRDA:139,3,1,0
BRDA:139,4,0,0
BRDA:139,4,1,0
BRDA:142,5,0,0
BRDA:142,5,1,0
BRF:12
BRH:6
end_of_record
TN:
SF:src/lib/StorageService.ts
FN:14,(anonymous_0)
FN:15,(anonymous_1)
FN:16,(anonymous_2)
FN:35,(anonymous_3)
FN:43,(anonymous_4)
FN:44,(anonymous_5)
FN:45,(anonymous_6)
FN:55,(anonymous_7)
FN:56,(anonymous_8)
FN:57,(anonymous_9)
FN:60,(anonymous_10)
FN:70,(anonymous_11)
FN:71,(anonymous_12)
FN:72,(anonymous_13)
FN:78,(anonymous_14)
FN:95,(anonymous_15)
FN:96,(anonymous_16)
FN:97,(anonymous_17)
FN:107,(anonymous_18)
FN:108,(anonymous_19)
FN:109,(anonymous_20)
FN:119,(anonymous_21)
FN:120,(anonymous_22)
FN:121,(anonymous_23)
FN:131,(anonymous_24)
FN:132,(anonymous_25)
FN:133,(anonymous_26)
FNF:27
FNH:27
FNDA:2,(anonymous_0)
FNDA:2,(anonymous_1)
FNDA:2,(anonymous_2)
FNDA:11,(anonymous_3)
FNDA:2,(anonymous_4)
FNDA:2,(anonymous_5)
FNDA:2,(anonymous_6)
FNDA:4,(anonymous_7)
FNDA:4,(anonymous_8)
FNDA:4,(anonymous_9)
FNDA:3,(anonymous_10)
FNDA:3,(anonymous_11)
FNDA:3,(anonymous_12)
FNDA:3,(anonymous_13)
FNDA:2,(anonymous_14)
FNDA:3,(anonymous_15)
FNDA:3,(anonymous_16)
FNDA:3,(anonymous_17)
FNDA:3,(anonymous_18)
FNDA:3,(anonymous_19)
FNDA:3,(anonymous_20)
FNDA:1,(anonymous_21)
FNDA:1,(anonymous_22)
FNDA:1,(anonymous_23)
FNDA:2,(anonymous_24)
FNDA:2,(anonymous_25)
FNDA:2,(anonymous_26)
DA:7,3
DA:8,3
DA:9,3
DA:15,2
DA:16,2
DA:17,2
DA:18,2
DA:19,1
DA:24,1
DA:25,1
DA:27,2
DA:36,11
DA:37,11
DA:44,2
DA:45,2
DA:46,2
DA:47,2
DA:56,4
DA:57,4
DA:58,4
DA:59,4
DA:60,3
DA:62,4
DA:71,3
DA:72,3
DA:73,3
DA:76,3
DA:78,2
DA:81,1
DA:82,1
DA:85,2
DA:86,2
DA:87,2
DA:96,3
DA:97,3
DA:98,3
DA:99,3
DA:108,3
DA:109,3
DA:110,3
DA:111,3
DA:120,1
DA:121,1
DA:122,1
DA:123,1
DA:132,2
DA:133,2
DA:134,2
DA:135,2
LF:49
LH:49
BRDA:18,0,0,1
BRDA:18,0,1,1
BRDA:37,1,0,9
BRDA:37,1,1,2
BRDA:62,2,0,4
BRDA:62,2,1,1
BRDA:76,3,0,1
BRDA:76,3,1,2
BRF:8
BRH:8
end_of_record
TN:
SF:src/lib/User.ts
FN:18,(anonymous_0)
FN:27,(anonymous_1)
FN:35,(anonymous_2)
FNF:3
FNH:3
FNDA:19,(anonymous_0)
FNDA:14,(anonymous_1)
FNDA:12,(anonymous_2)
DA:13,4
DA:19,19
DA:20,19
DA:21,19
DA:28,14
DA:29,14
DA:36,12
LF:7
LH:7
BRDA:37,0,0,12
BRDA:37,0,1,9
BRDA:37,0,2,7
BRDA:37,0,3,6
BRF:4
BRH:4
end_of_record
